<?xml version="1.0" encoding="UTF-8"?>
<!-- Generated by org.testng.reporters.JUnitReportReporter -->
<testsuite hostname="Irfan" failures="0" tests="1" name="CrudOperation.DiffWaysToCreatePostRequestBody" time="3.829" errors="0" timestamp="2024-05-08T17:44:50 IST" skipped="0">
  <testcase classname="CrudOperation.DiffWaysToCreatePostRequestBody" name="testPostusingHashMap" time="3.829"/>
</testsuite> <!-- CrudOperation.DiffWaysToCreatePostRequestBody -->
