<?xml version="1.0" encoding="UTF-8"?>
<!-- Generated by org.testng.reporters.JUnitReportReporter -->
<testsuite hostname="Irfan" failures="0" tests="3" name="api.test.UserTests2" time="10.963" errors="0" timestamp="2024-05-28T20:04:15 IST" skipped="0">
  <testcase classname="api.test.UserTests2" name="testPostUser" time="4.395"/>
  <testcase classname="api.test.UserTests2" name="testgetUserByName" time="2.433"/>
  <testcase classname="api.test.UserTests2" name="testUpdateUser" time="4.135"/>
</testsuite> <!-- api.test.UserTests2 -->
