<?xml version="1.0" encoding="UTF-8"?>
<!-- Generated by org.testng.reporters.JUnitReportReporter -->
<testsuite hostname="Irfan" failures="0" tests="3" name="api.test.UserTests" time="9.007" errors="0" timestamp="2024-05-28T13:08:45 IST" skipped="0">
  <testcase classname="api.test.UserTests" name="testPostUser" time="4.458"/>
  <testcase classname="api.test.UserTests" name="testgetUserByName" time="1.563"/>
  <testcase classname="api.test.UserTests" name="testUpdateUser" time="2.986"/>
</testsuite> <!-- api.test.UserTests -->
